0 info it worked if it ends with ok
1 verbose cli [ '/Users/cln/.nvm/versions/node/v5.1.0/bin/node',
1 verbose cli   '/Users/cln/.nvm/versions/node/v5.1.0/bin/npm',
1 verbose cli   'start' ]
2 info using npm@3.3.12
3 info using node@v5.1.0
4 verbose run-script [ 'prestart', 'start', 'poststart' ]
5 info lifecycle ionic-project@1.1.1~prestart: ionic-project@1.1.1
6 silly lifecycle ionic-project@1.1.1~prestart: no script for prestart, continuing
7 info lifecycle ionic-project@1.1.1~start: ionic-project@1.1.1
8 verbose lifecycle ionic-project@1.1.1~start: unsafe-perm in lifecycle true
9 verbose lifecycle ionic-project@1.1.1~start: PATH: /Users/cln/.nvm/versions/node/v5.1.0/lib/node_modules/npm/bin/node-gyp-bin:/Users/cln/src/refugee/ionic-app/node_modules/.bin:/Users/cln/.nvm/versions/node/v5.1.0/bin:~/torch/install/bin:/usr/local/bin:/usr/bin:/bin:/usr/sbin:/sbin:/opt/X11/bin
10 verbose lifecycle ionic-project@1.1.1~start: CWD: /Users/cln/src/refugee/ionic-app
11 silly lifecycle ionic-project@1.1.1~start: Args: [ '-c', './node_modules/bin/http-server www' ]
12 info lifecycle ionic-project@1.1.1~start: Failed to exec start script
13 verbose stack Error: ionic-project@1.1.1 start: `./node_modules/bin/http-server www`
13 verbose stack spawn ENOENT
13 verbose stack     at ChildProcess.<anonymous> (/Users/cln/.nvm/versions/node/v5.1.0/lib/node_modules/npm/lib/utils/spawn.js:17:16)
13 verbose stack     at emitTwo (events.js:87:13)
13 verbose stack     at ChildProcess.emit (events.js:172:7)
13 verbose stack     at maybeClose (internal/child_process.js:818:16)
13 verbose stack     at Process.ChildProcess._handle.onexit (internal/child_process.js:211:5)
14 verbose pkgid ionic-project@1.1.1
15 verbose cwd /Users/cln/src/refugee/ionic-app
16 error Darwin 15.3.0
17 error argv "/Users/cln/.nvm/versions/node/v5.1.0/bin/node" "/Users/cln/.nvm/versions/node/v5.1.0/bin/npm" "start"
18 error node v5.1.0
19 error npm  v3.3.12
20 error file sh
21 error code ELIFECYCLE
22 error errno ENOENT
23 error syscall spawn
24 error ionic-project@1.1.1 start: `./node_modules/bin/http-server www`
24 error spawn ENOENT
25 error Failed at the ionic-project@1.1.1 start script './node_modules/bin/http-server www'.
25 error Make sure you have the latest version of node.js and npm installed.
25 error If you do, this is most likely a problem with the ionic-project package,
25 error not with npm itself.
25 error Tell the author that this fails on your system:
25 error     ./node_modules/bin/http-server www
25 error You can get their info via:
25 error     npm owner ls ionic-project
25 error There is likely additional logging output above.
26 verbose exit [ 1, true ]
